0 info it worked if it ends with ok
1 verbose cli [ '/usr/local/bin/node',
1 verbose cli   '/usr/local/bin/npm',
1 verbose cli   'run',
1 verbose cli   'storybook' ]
2 info using npm@3.10.10
3 info using node@v7.2.1
4 verbose run-script [ 'prestorybook', 'storybook', 'poststorybook' ]
5 info lifecycle SpeedAndCustom@0.0.1~prestorybook: SpeedAndCustom@0.0.1
6 silly lifecycle SpeedAndCustom@0.0.1~prestorybook: no script for prestorybook, continuing
7 info lifecycle SpeedAndCustom@0.0.1~storybook: SpeedAndCustom@0.0.1
8 verbose lifecycle SpeedAndCustom@0.0.1~storybook: unsafe-perm in lifecycle true
9 verbose lifecycle SpeedAndCustom@0.0.1~storybook: PATH: /usr/local/lib/node_modules/npm/bin/node-gyp-bin:/home/thorsten/opt/src/thorsten/jw17boseed/node_modules/.bin:/home/thorsten/opt/java/bin:/home/thorsten:/home/thorsten/bin-cb:/usr/local/lib/node_modules/:/usr/local/bin:/usr/bin:/bin:/usr/local/games:/usr/games:/usr/local/lib/node_modules/:/usr/bin:/usr/local/sbin:/usr/sbin:/sbin:/home/thorsten/opt/src/apache/apache-maven-3.3.9/bin:/home/thorsten/opt/src/cloudbees/support-shinobi-tools/exec
10 verbose lifecycle SpeedAndCustom@0.0.1~storybook: CWD: /home/thorsten/opt/src/thorsten/jw17boseed
11 silly lifecycle SpeedAndCustom@0.0.1~storybook: Args: [ '-c', 'npm run start-storybook -- -p 9001' ]
12 silly lifecycle SpeedAndCustom@0.0.1~storybook: Returned: code: 1  signal: null
13 info lifecycle SpeedAndCustom@0.0.1~storybook: Failed to exec storybook script
14 verbose stack Error: SpeedAndCustom@0.0.1 storybook: `npm run start-storybook -- -p 9001`
14 verbose stack Exit status 1
14 verbose stack     at EventEmitter.<anonymous> (/usr/local/lib/node_modules/npm/lib/utils/lifecycle.js:255:16)
14 verbose stack     at emitTwo (events.js:106:13)
14 verbose stack     at EventEmitter.emit (events.js:191:7)
14 verbose stack     at ChildProcess.<anonymous> (/usr/local/lib/node_modules/npm/lib/utils/spawn.js:40:14)
14 verbose stack     at emitTwo (events.js:106:13)
14 verbose stack     at ChildProcess.emit (events.js:191:7)
14 verbose stack     at maybeClose (internal/child_process.js:885:16)
14 verbose stack     at Process.ChildProcess._handle.onexit (internal/child_process.js:226:5)
15 verbose pkgid SpeedAndCustom@0.0.1
16 verbose cwd /home/thorsten/opt/src/thorsten/jw17boseed
17 error Linux 4.9.0-2-amd64
18 error argv "/usr/local/bin/node" "/usr/local/bin/npm" "run" "storybook"
19 error node v7.2.1
20 error npm  v3.10.10
21 error code ELIFECYCLE
22 error SpeedAndCustom@0.0.1 storybook: `npm run start-storybook -- -p 9001`
22 error Exit status 1
23 error Failed at the SpeedAndCustom@0.0.1 storybook script 'npm run start-storybook -- -p 9001'.
23 error Make sure you have the latest version of node.js and npm installed.
23 error If you do, this is most likely a problem with the SpeedAndCustom package,
23 error not with npm itself.
23 error Tell the author that this fails on your system:
23 error     npm run start-storybook -- -p 9001
23 error You can get information on how to open an issue for this project with:
23 error     npm bugs SpeedAndCustom
23 error Or if that isn't available, you can get their info via:
23 error     npm owner ls SpeedAndCustom
23 error There is likely additional logging output above.
24 verbose exit [ 1, true ]
